<?xml version="1.0" encoding="UTF-8"?>
<!-- Generated by org.testng.reporters.JUnitReportReporter -->
<testsuite hostname="bcedbeeced305410173dffcbbfbdaafthree-0" failures="0" tests="1" name="runner.Testcase3" time="11.804" errors="0" timestamp="2023-09-25T11:25:03 UTC" skipped="0">
  <testcase classname="runner.Testcase3" name="TC_003" time="11.804"/>
</testsuite> <!-- runner.Testcase3 -->
